23-03-2023 	 11:25:01	CastError	Cast to ObjectId failed for value "641adc602e43970cf630" (type string) at path "userId" for model "order"	GET	/employee/admin-orderhistory/641adc602e43970cf630	undefined
23-03-2023 	 11:24:55	CastError	Cast to ObjectId failed for value "641adc602e43970cf630" (type string) at path "userId" for model "order"	GET	/employee/admin-orderhistory/641adc602e43970cf630	undefined
23-03-2023 	 11:24:31	CastError	Cast to ObjectId failed for value "641ac602e43970cf63004ae" (type string) at path "userId" for model "order"	GET	/employee/admin-orderhistory/641ac602e43970cf63004ae	undefined
23-03-2023 	 11:19:15	JsonWebTokenError	jwt must be provided	GET	/order/order-history	undefined
23-03-2023 	 11:13:05	ObjectParameterError	Parameter "filter" to findOne() must be an object, got 64182a806bc1d2ef44e8c9e7	GET	/employee/admin-orderhistory/64182a806bc1d2ef44e8c9e7	undefined
22-03-2023 	 15:22:15	JsonWebTokenError	jwt malformed	GET	/employee/admin-user	http://localhost:3000
22-03-2023 	 14:14:22	CastError	Cast to ObjectId failed for value "undefined" (type string) at path "_id" for model "product"	PUT	/products/update-product/undefined	http://localhost:3000
19-03-2023 	 14:11:26	undefined	undefined	GET	/contacts	http://127.0.0.1:5173
19-03-2023 	 14:11:26	undefined	undefined	GET	/appoinment	http://127.0.0.1:5173
19-03-2023 	 00:51:48	JsonWebTokenError	jwt must be provided	GET	/order/order-history	undefined
19-03-2023 	 00:51:43	JsonWebTokenError	jwt must be provided	GET	/order/order-history	undefined
19-03-2023 	 00:51:43	JsonWebTokenError	jwt must be provided	GET	/order/order-history	undefined
19-03-2023 	 00:51:41	JsonWebTokenError	jwt must be provided	GET	/order/order-history	undefined
19-03-2023 	 00:50:51	JsonWebTokenError	jwt must be provided	GET	/order/order-history	undefined
19-03-2023 	 00:49:53	JsonWebTokenError	jwt must be provided	GET	/order/order-history	undefined
19-03-2023 	 00:49:50	JsonWebTokenError	jwt must be provided	GET	/order/order-history	undefined
19-03-2023 	 00:47:57	JsonWebTokenError	jwt must be provided	GET	/order/order-history	undefined
19-03-2023 	 00:39:39	JsonWebTokenError	jwt must be provided	GET	/order/order-history	undefined
18-03-2023 	 17:01:00	CastError	Cast to ObjectId failed for value "undefined" (type string) at path "_id" for model "product"	PUT	/products/update-product/undefined	http://localhost:3000
18-03-2023 	 16:59:30	CastError	Cast to ObjectId failed for value "undefined" (type string) at path "_id" for model "product"	PUT	/products/update-product/undefined	http://localhost:3000
18-03-2023 	 16:32:42	CastError	Cast to ObjectId failed for value "undefined" (type string) at path "_id" for model "product"	PUT	/products/update-product/undefined	http://localhost:3000
18-03-2023 	 16:32:29	CastError	Cast to ObjectId failed for value "undefined" (type string) at path "_id" for model "product"	PUT	/products/update-product/undefined	http://localhost:3000
18-03-2023 	 16:29:30	CastError	Cast to ObjectId failed for value "undefined" (type string) at path "_id" for model "product"	PUT	/products/update-product/undefined	http://localhost:3000
18-03-2023 	 15:54:45	CastError	Cast to ObjectId failed for value "undefined" (type string) at path "_id" for model "product"	PUT	/products/update-product-image/undefined	http://localhost:3000
18-03-2023 	 15:45:50	CastError	Cast to ObjectId failed for value "undefined" (type string) at path "_id" for model "product"	PUT	/products/update-product-image/undefined	http://localhost:3000
18-03-2023 	 15:45:38	CastError	Cast to ObjectId failed for value "undefined" (type string) at path "_id" for model "product"	PUT	/products/update-product-image/undefined	http://localhost:3000
16-03-2023 	 14:03:48	JsonWebTokenError	jwt malformed	POST	/products/add-product	http://localhost:3000
16-03-2023 	 14:02:52	JsonWebTokenError	jwt malformed	POST	/products/add-product	http://localhost:3000
14-03-2023 	 15:22:04	JsonWebTokenError	jwt must be provided	GET	/user/profile	http://localhost:3000
14-03-2023 	 15:22:04	JsonWebTokenError	jwt must be provided	GET	/user/profile	http://localhost:3000
13-03-2023 	 07:27:22	TokenExpiredError	jwt expired	GET	/order/order-history	http://localhost:3000
13-03-2023 	 07:27:22	TokenExpiredError	jwt expired	GET	/order/order-history	http://localhost:3000
13-03-2023 	 07:27:18	TokenExpiredError	jwt expired	GET	/cart/cart-history	http://localhost:3000
13-03-2023 	 07:27:02	TokenExpiredError	jwt expired	GET	/cart/cart-history	http://localhost:3000
