02-04-2023 	 12:53:00	GET	/api/products	http://localhost:3000
02-04-2023 	 12:52:50	GET	/api/products	http://localhost:3000
02-04-2023 	 12:52:50	GET	/api/products	http://localhost:3000
02-04-2023 	 12:52:36	GET	/api/products	http://localhost:3000
02-04-2023 	 12:52:36	GET	/api/products	http://localhost:3000
02-04-2023 	 12:50:37	GET	/api/products	http://localhost:3000
02-04-2023 	 12:50:37	GET	/api/products	http://localhost:3000
02-04-2023 	 12:49:39	GET	/api/products	http://localhost:3000
02-04-2023 	 12:49:39	GET	/api/products	http://localhost:3000
02-04-2023 	 12:49:24	GET	/api/products	http://localhost:3000
02-04-2023 	 12:49:24	GET	/api/products	http://localhost:3000
02-04-2023 	 12:48:44	GET	/api/products	http://localhost:3000
02-04-2023 	 12:48:44	GET	/api/products	http://localhost:3000
02-04-2023 	 12:48:39	GET	/api/products	http://localhost:3000
02-04-2023 	 12:48:39	GET	/api/products	http://localhost:3000
02-04-2023 	 12:47:52	GET	/api/products	http://localhost:3000
02-04-2023 	 12:47:52	GET	/api/products	http://localhost:3000
02-04-2023 	 12:46:55	GET	/api/products	http://localhost:3000
02-04-2023 	 12:46:55	GET	/api/products	http://localhost:3000
02-04-2023 	 12:41:42	GET	/api/products	http://localhost:3000
02-04-2023 	 12:41:42	GET	/api/products	http://localhost:3000
02-04-2023 	 12:11:30	GET	/api/employee/admin-orderhistory/641adc602e43970cf63004ae	http://localhost:3000
02-04-2023 	 12:11:30	OPTIONS	/api/employee/admin-orderhistory/641adc602e43970cf63004ae	http://localhost:3000
02-04-2023 	 12:11:21	GET	/api/employee/admin-user	http://localhost:3000
02-04-2023 	 12:11:21	GET	/api/employee/serch-user?term=	http://localhost:3000
02-04-2023 	 12:11:21	GET	/api/employee/admin-user	http://localhost:3000
02-04-2023 	 12:11:21	OPTIONS	/api/employee/admin-user	http://localhost:3000
02-04-2023 	 12:11:19	GET	/api/employee/stat	http://localhost:3000
02-04-2023 	 12:11:18	GET	/api/employee/stat	http://localhost:3000
02-04-2023 	 12:11:18	OPTIONS	/api/employee/stat	http://localhost:3000
02-04-2023 	 12:11:16	GET	/api/products	http://localhost:3000
02-04-2023 	 12:11:16	GET	/api/products	http://localhost:3000
01-04-2023 	 15:55:26	GET	/api/employee/serch-user?term=Pooja	http://localhost:3000
01-04-2023 	 15:55:04	GET	/api/employee/serch-user?term=ss	http://localhost:3000
01-04-2023 	 15:54:40	GET	/api/employee/serch-user?term=	http://localhost:3000
01-04-2023 	 15:54:40	GET	/api/employee/admin-user	http://localhost:3000
01-04-2023 	 15:54:40	GET	/api/employee/admin-user	http://localhost:3000
01-04-2023 	 15:54:40	OPTIONS	/api/employee/admin-user	http://localhost:3000
01-04-2023 	 15:54:31	GET	/api/employee/admin-user	http://localhost:3000
0
